<?xml version="1.0" encoding="UTF-8"?>
<coverage generated="1760814606233" clover="3.2.0">
  <project timestamp="1760814606233" name="All files">
    <metrics statements="17" coveredstatements="11" conditionals="20" coveredconditionals="8" methods="1" coveredmethods="1" elements="38" coveredelements="20" complexity="0" loc="17" ncloc="17" packages="1" files="1" classes="1"/>
    <file name="calculator.js" path="C:\Users\ASUS\Downloads\calidad-software-taller\src\calculator.js">
      <metrics statements="17" coveredstatements="11" conditionals="20" coveredconditionals="8" methods="1" coveredmethods="1"/>
      <line num="2" count="2" type="stmt"/>
      <line num="4" count="2" type="cond" truecount="1" falsecount="1"/>
      <line num="6" count="2" type="cond" truecount="2" falsecount="0"/>
      <line num="7" count="1" type="cond" truecount="1" falsecount="1"/>
      <line num="8" count="0" type="stmt"/>
      <line num="9" count="1" type="cond" truecount="1" falsecount="1"/>
      <line num="10" count="1" type="cond" truecount="1" falsecount="1"/>
      <line num="11" count="1" type="stmt"/>
      <line num="12" count="0" type="cond" truecount="0" falsecount="2"/>
      <line num="13" count="0" type="cond" truecount="0" falsecount="2"/>
      <line num="14" count="0" type="cond" truecount="0" falsecount="2"/>
      <line num="15" count="0" type="stmt"/>
      <line num="17" count="0" type="stmt"/>
      <line num="20" count="2" type="cond" truecount="1" falsecount="1"/>
      <line num="21" count="2" type="cond" truecount="1" falsecount="1"/>
      <line num="23" count="2" type="stmt"/>
      <line num="26" count="1" type="stmt"/>
    </file>
  </project>
</coverage>
