{"C:\\Users\\ASUS\\Downloads\\calidad-software-taller\\src\\calculator.js": {"path":"C:\\Users\\ASUS\\Downloads\\calidad-software-taller\\src\\calculator.js","statementMap":{"0":{"start":{"line":2,"column":17},"end":{"line":2,"column":18}},"1":{"start":{"line":4,"column":2},"end":{"line":4,"column":27}},"2":{"start":{"line":4,"column":18},"end":{"line":4,"column":27}},"3":{"start":{"line":6,"column":2},"end":{"line":18,"column":3}},"4":{"start":{"line":7,"column":4},"end":{"line":8,"column":25}},"5":{"start":{"line":7,"column":22},"end":{"line":7,"column":37}},"6":{"start":{"line":8,"column":9},"end":{"line":8,"column":25}},"7":{"start":{"line":9,"column":9},"end":{"line":18,"column":3}},"8":{"start":{"line":10,"column":4},"end":{"line":11,"column":25}},"9":{"start":{"line":10,"column":21},"end":{"line":10,"column":36}},"10":{"start":{"line":11,"column":9},"end":{"line":11,"column":25}},"11":{"start":{"line":12,"column":9},"end":{"line":18,"column":3}},"12":{"start":{"line":13,"column":4},"end":{"line":15,"column":25}},"13":{"start":{"line":13,"column":32},"end":{"line":13,"column":48}},"14":{"start":{"line":14,"column":9},"end":{"line":15,"column":25}},"15":{"start":{"line":14,"column":37},"end":{"line":14,"column":52}},"16":{"start":{"line":15,"column":9},"end":{"line":15,"column":25}},"17":{"start":{"line":17,"column":4},"end":{"line":17,"column":20}},"18":{"start":{"line":20,"column":2},"end":{"line":20,"column":47}},"19":{"start":{"line":20,"column":30},"end":{"line":20,"column":47}},"20":{"start":{"line":21,"column":2},"end":{"line":21,"column":37}},"21":{"start":{"line":21,"column":20},"end":{"line":21,"column":37}},"22":{"start":{"line":23,"column":2},"end":{"line":23,"column":34}},"23":{"start":{"line":26,"column":0},"end":{"line":26,"column":39}}},"fnMap":{"0":{"name":"calculateDiscount","decl":{"start":{"line":1,"column":9},"end":{"line":1,"column":26}},"loc":{"start":{"line":1,"column":59},"end":{"line":24,"column":1}},"line":1}},"branchMap":{"0":{"loc":{"start":{"line":4,"column":2},"end":{"line":4,"column":27}},"type":"if","locations":[{"start":{"line":4,"column":2},"end":{"line":4,"column":27}},{"start":{},"end":{}}],"line":4},"1":{"loc":{"start":{"line":6,"column":2},"end":{"line":18,"column":3}},"type":"if","locations":[{"start":{"line":6,"column":2},"end":{"line":18,"column":3}},{"start":{"line":9,"column":9},"end":{"line":18,"column":3}}],"line":6},"2":{"loc":{"start":{"line":7,"column":4},"end":{"line":8,"column":25}},"type":"if","locations":[{"start":{"line":7,"column":4},"end":{"line":8,"column":25}},{"start":{"line":8,"column":9},"end":{"line":8,"column":25}}],"line":7},"3":{"loc":{"start":{"line":9,"column":9},"end":{"line":18,"column":3}},"type":"if","locations":[{"start":{"line":9,"column":9},"end":{"line":18,"column":3}},{"start":{"line":12,"column":9},"end":{"line":18,"column":3}}],"line":9},"4":{"loc":{"start":{"line":10,"column":4},"end":{"line":11,"column":25}},"type":"if","locations":[{"start":{"line":10,"column":4},"end":{"line":11,"column":25}},{"start":{"line":11,"column":9},"end":{"line":11,"column":25}}],"line":10},"5":{"loc":{"start":{"line":12,"column":9},"end":{"line":18,"column":3}},"type":"if","locations":[{"start":{"line":12,"column":9},"end":{"line":18,"column":3}},{"start":{"line":16,"column":9},"end":{"line":18,"column":3}}],"line":12},"6":{"loc":{"start":{"line":13,"column":4},"end":{"line":15,"column":25}},"type":"if","locations":[{"start":{"line":13,"column":4},"end":{"line":15,"column":25}},{"start":{"line":14,"column":9},"end":{"line":15,"column":25}}],"line":13},"7":{"loc":{"start":{"line":14,"column":9},"end":{"line":15,"column":25}},"type":"if","locations":[{"start":{"line":14,"column":9},"end":{"line":15,"column":25}},{"start":{"line":15,"column":9},"end":{"line":15,"column":25}}],"line":14},"8":{"loc":{"start":{"line":20,"column":2},"end":{"line":20,"column":47}},"type":"if","locations":[{"start":{"line":20,"column":2},"end":{"line":20,"column":47}},{"start":{},"end":{}}],"line":20},"9":{"loc":{"start":{"line":21,"column":2},"end":{"line":21,"column":37}},"type":"if","locations":[{"start":{"line":21,"column":2},"end":{"line":21,"column":37}},{"start":{},"end":{}}],"line":21}},"s":{"0":2,"1":2,"2":0,"3":2,"4":1,"5":1,"6":0,"7":1,"8":1,"9":0,"10":1,"11":0,"12":0,"13":0,"14":0,"15":0,"16":0,"17":0,"18":2,"19":0,"20":2,"21":0,"22":2,"23":1},"f":{"0":2},"b":{"0":[0,2],"1":[1,1],"2":[1,0],"3":[1,0],"4":[0,1],"5":[0,0],"6":[0,0],"7":[0,0],"8":[0,2],"9":[0,2]},"_coverageSchema":"1a1c01bbd47fc00a2c39e90264f33305004495a9","hash":"ec80a370cc20ff8647151310aa88b1b094148f8d"}
}
