TN:
SF:src\calculator.js
FN:1,calculateDiscount
FNF:1
FNH:1
FNDA:2,calculateDiscount
DA:2,2
DA:4,2
DA:6,2
DA:7,1
DA:8,0
DA:9,1
DA:10,1
DA:11,1
DA:12,0
DA:13,0
DA:14,0
DA:15,0
DA:17,0
DA:20,2
DA:21,2
DA:23,2
DA:26,1
LF:17
LH:11
BRDA:4,0,0,0
BRDA:4,0,1,2
BRDA:6,1,0,1
BRDA:6,1,1,1
BRDA:7,2,0,1
BRDA:7,2,1,0
BRDA:9,3,0,1
BRDA:9,3,1,0
BRDA:10,4,0,0
BRDA:10,4,1,1
BRDA:12,5,0,0
BRDA:12,5,1,0
BRDA:13,6,0,0
BRDA:13,6,1,0
BRDA:14,7,0,0
BRDA:14,7,1,0
BRDA:20,8,0,0
BRDA:20,8,1,2
BRDA:21,9,0,0
BRDA:21,9,1,2
BRF:20
BRH:8
end_of_record
